           Notes Directory Cleanup: WizardWrx.SharedUtl4, version 2.8

================================================================================
09/23/2014 11:08:09
================================================================================

Microsoft Windows XP [Version 5.1.2600]
(C) Copyright 1985-2001 Microsoft Corp.

C:\Documents and Settings\DAG\My Documents\Visual Studio 2010\Projects\WizardWrx_Libs\SharedUtl4\NOTES>dir *.bak
 Volume in drive C is SYS
 Volume Serial Number is 2430-E62E

 Directory of C:\Documents and Settings\DAG\My Documents\Visual Studio 2010\Projects\WizardWrx_Libs\SharedUtl4\NOTES

09/23/2014  10:49         1,984,797 Development_Notes_2.8.TXT.bak
09/21/2014  22:46             1,490 FormatStringEngine_0AssemblyInfo.cs.bak
09/22/2014  15:36             1,490 FormatStringEngine_2AssemblyInfo.cs.bak
09/21/2014  22:46             1,490 FormatStringEngine_AssemblyInfo.cs.bak
               4 File(s)      1,989,267 bytes
               0 Dir(s)  28,708,245,504 bytes free

C:\Documents and Settings\DAG\My Documents\Visual Studio 2010\Projects\WizardWrx_Libs\SharedUtl4\NOTES>sdelete *.bak

SDelete - Secure Delete v1.61
Copyright (C) 1999-2012 Mark Russinovich
Sysinternals - www.sysinternals.com

SDelete is set for 1 pass.
C:\Documents and Settings\DAG\My Documents\Visual Studio 2010\Projects\WizardWrx_Libs\SharedUtl4\NOTES\Development_Notes_2.8.TXT.bak...deleted.
C:\Documents and Settings\DAG\My Documents\Visual Studio 2010\Projects\WizardWrx_Libs\SharedUtl4\NOTES\FormatStringEngine_0AssemblyInfo.cs.bak...deleted.
C:\Documents and Settings\DAG\My Documents\Visual Studio 2010\Projects\WizardWrx_Libs\SharedUtl4\NOTES\FormatStringEngine_2AssemblyInfo.cs.bak...deleted.
C:\Documents and Settings\DAG\My Documents\Visual Studio 2010\Projects\WizardWrx_Libs\SharedUtl4\NOTES\FormatStringEngine_AssemblyInfo.cs.bak...deleted.
4 files found


C:\Documents and Settings\DAG\My Documents\Visual Studio 2010\Projects\WizardWrx_Libs\SharedUtl4\NOTES>dir *(?).*
 Volume in drive C is SYS
 Volume Serial Number is 2430-E62E

 Directory of C:\Documents and Settings\DAG\My Documents\Visual Studio 2010\Projects\WizardWrx_Libs\SharedUtl4\NOTES

09/21/2014  23:09         1,337,588 Development_Notes_2.8(0).TXT
09/22/2014  21:20         1,385,035 Development_Notes_2.8(1).TXT
09/23/2014  01:33         1,415,593 Development_Notes_2.8(2).TXT
09/23/2014  01:39         1,417,544 Development_Notes_2.8(3).TXT
09/23/2014  02:51         1,441,424 Development_Notes_2.8(4).TXT
09/23/2014  10:40         1,442,070 Development_Notes_2.8(5).TXT
09/23/2014  10:41         1,446,762 Development_Notes_2.8(6).TXT
09/23/2014  10:44         1,703,909 Development_Notes_2.8(7).TXT
09/23/2014  10:49         1,984,797 Development_Notes_2.8(8).TXT
09/21/2014  22:46             1,490 FormatStringEngine_0AssemblyInfo(0).cs
09/22/2014  15:36             1,490 FormatStringEngine_2AssemblyInfo(0).cs
09/21/2014  22:46             1,490 FormatStringEngine_AssemblyInfo(0).cs
              12 File(s)     13,579,192 bytes
               0 Dir(s)  28,710,240,256 bytes free

C:\Documents and Settings\DAG\My Documents\Visual Studio 2010\Projects\WizardWrx_Libs\SharedUtl4\NOTES>sdelete *(?).*

SDelete - Secure Delete v1.61
Copyright (C) 1999-2012 Mark Russinovich
Sysinternals - www.sysinternals.com

SDelete is set for 1 pass.
C:\Documents and Settings\DAG\My Documents\Visual Studio 2010\Projects\WizardWrx_Libs\SharedUtl4\NOTES\Development_Notes_2.8(0).TXT...deleted.
C:\Documents and Settings\DAG\My Documents\Visual Studio 2010\Projects\WizardWrx_Libs\SharedUtl4\NOTES\Development_Notes_2.8(1).TXT...deleted.
C:\Documents and Settings\DAG\My Documents\Visual Studio 2010\Projects\WizardWrx_Libs\SharedUtl4\NOTES\Development_Notes_2.8(2).TXT...deleted.
C:\Documents and Settings\DAG\My Documents\Visual Studio 2010\Projects\WizardWrx_Libs\SharedUtl4\NOTES\Development_Notes_2.8(3).TXT...deleted.
C:\Documents and Settings\DAG\My Documents\Visual Studio 2010\Projects\WizardWrx_Libs\SharedUtl4\NOTES\Development_Notes_2.8(4).TXT...deleted.
C:\Documents and Settings\DAG\My Documents\Visual Studio 2010\Projects\WizardWrx_Libs\SharedUtl4\NOTES\Development_Notes_2.8(5).TXT...deleted.
C:\Documents and Settings\DAG\My Documents\Visual Studio 2010\Projects\WizardWrx_Libs\SharedUtl4\NOTES\Development_Notes_2.8(6).TXT...deleted.
C:\Documents and Settings\DAG\My Documents\Visual Studio 2010\Projects\WizardWrx_Libs\SharedUtl4\NOTES\Development_Notes_2.8(7).TXT...deleted.
C:\Documents and Settings\DAG\My Documents\Visual Studio 2010\Projects\WizardWrx_Libs\SharedUtl4\NOTES\Development_Notes_2.8(8).TXT...deleted.
C:\Documents and Settings\DAG\My Documents\Visual Studio 2010\Projects\WizardWrx_Libs\SharedUtl4\NOTES\FormatStringEngine_0AssemblyInfo(0).cs...deleted.
C:\Documents and Settings\DAG\My Documents\Visual Studio 2010\Projects\WizardWrx_Libs\SharedUtl4\NOTES\FormatStringEngine_2AssemblyInfo(0).cs...deleted.
C:\Documents and Settings\DAG\My Documents\Visual Studio 2010\Projects\WizardWrx_Libs\SharedUtl4\NOTES\FormatStringEngine_AssemblyInfo(0).cs...deleted.
12 files found


C:\Documents and Settings\DAG\My Documents\Visual Studio 2010\Projects\WizardWrx_Libs\SharedUtl4\NOTES>